2016/01/05 16:55:49 [warn] 12237#0: the "user" directive makes sense only if the master process runs with super-user privileges, ignored in /home/chris/git/taggr/src/nginx.conf.compiled:6
2016/01/05 16:55:49 [alert] 12237#0: lua_code_cache is off; this will hurt performance in /home/chris/git/taggr/src/nginx.conf.compiled:60
2016/01/05 16:59:08 [warn] 12521#0: the "user" directive makes sense only if the master process runs with super-user privileges, ignored in /home/chris/git/taggr/src/nginx.conf.compiled:6
2016/01/05 16:59:08 [alert] 12521#0: lua_code_cache is off; this will hurt performance in /home/chris/git/taggr/src/nginx.conf.compiled:60
2016/01/05 17:01:40 [warn] 13990#0: the "user" directive makes sense only if the master process runs with super-user privileges, ignored in /home/chris/git/taggr/src/nginx.conf.compiled:6
2016/01/05 17:01:40 [alert] 13990#0: lua_code_cache is off; this will hurt performance in /home/chris/git/taggr/src/nginx.conf.compiled:60
2016/01/05 18:16:49 [warn] 17926#0: the "user" directive makes sense only if the master process runs with super-user privileges, ignored in /home/chris/git/taggr/src/nginx.conf.compiled:6
2016/01/05 18:16:49 [alert] 17926#0: lua_code_cache is off; this will hurt performance in /home/chris/git/taggr/src/nginx.conf.compiled:60
2016/01/05 19:06:02 [warn] 19958#0: the "user" directive makes sense only if the master process runs with super-user privileges, ignored in /home/chris/git/taggr/src/nginx.conf.compiled:6
2016/01/05 19:06:02 [alert] 19958#0: lua_code_cache is off; this will hurt performance in /home/chris/git/taggr/src/nginx.conf.compiled:60
2016/01/07 21:21:46 [warn] 4009#0: the "user" directive makes sense only if the master process runs with super-user privileges, ignored in /home/chris/git/taggr/src/nginx.conf.compiled:6
2016/01/07 21:21:46 [alert] 4009#0: lua_code_cache is off; this will hurt performance in /home/chris/git/taggr/src/nginx.conf.compiled:60
2016/01/07 21:22:06 [warn] 4054#0: the "user" directive makes sense only if the master process runs with super-user privileges, ignored in /home/chris/git/taggr/src/nginx.conf.compiled:6
2016/01/07 21:22:06 [alert] 4054#0: lua_code_cache is off; this will hurt performance in /home/chris/git/taggr/src/nginx.conf.compiled:60
2016/01/07 21:37:32 [warn] 4601#0: the "user" directive makes sense only if the master process runs with super-user privileges, ignored in /home/chris/git/taggr/src/nginx.conf.compiled:6
2016/01/07 21:37:32 [alert] 4601#0: lua_code_cache is off; this will hurt performance in /home/chris/git/taggr/src/nginx.conf.compiled:60
2016/01/07 22:29:53 [warn] 7134#0: the "user" directive makes sense only if the master process runs with super-user privileges, ignored in /home/chris/git/taggr/src/nginx.conf.compiled:6
2016/01/07 22:29:53 [alert] 7134#0: lua_code_cache is off; this will hurt performance in /home/chris/git/taggr/src/nginx.conf.compiled:60
2016/01/11 12:46:36 [warn] 22406#0: the "user" directive makes sense only if the master process runs with super-user privileges, ignored in /home/chris/git/taggr/src/nginx.conf.compiled:6
2016/01/11 12:46:36 [alert] 22406#0: lua_code_cache is off; this will hurt performance in /home/chris/git/taggr/src/nginx.conf.compiled:60
2016/01/11 12:46:58 [warn] 22451#0: the "user" directive makes sense only if the master process runs with super-user privileges, ignored in /home/chris/git/taggr/src/nginx.conf.compiled:6
2016/01/11 12:46:58 [alert] 22451#0: lua_code_cache is off; this will hurt performance in /home/chris/git/taggr/src/nginx.conf.compiled:60
2016/01/11 15:01:58 [warn] 25533#0: the "user" directive makes sense only if the master process runs with super-user privileges, ignored in /home/chris/git/taggr/src/nginx.conf.compiled:6
2016/01/11 15:01:58 [alert] 25533#0: lua_code_cache is off; this will hurt performance in /home/chris/git/taggr/src/nginx.conf.compiled:60
2016/03/30 12:23:42 [alert] 48#0: lua_code_cache is off; this will hurt performance in /opt/openresty/nginx/conf/nginx.conf.compiled:60
2016/03/30 12:24:48 [alert] 48#0: lua_code_cache is off; this will hurt performance in /opt/openresty/nginx/conf/nginx.conf.compiled:60
2016/03/30 15:35:59 [alert] 47#0: lua_code_cache is off; this will hurt performance in /opt/openresty/nginx/conf/nginx.conf.compiled:60
2016/03/30 15:41:35 [alert] 48#0: lua_code_cache is off; this will hurt performance in /opt/openresty/nginx/conf/nginx.conf.compiled:60
2016/03/30 15:49:45 [alert] 47#0: lua_code_cache is off; this will hurt performance in /opt/openresty/nginx/conf/nginx.conf.compiled:60
2016/03/30 15:50:07 [alert] 48#0: lua_code_cache is off; this will hurt performance in /opt/openresty/nginx/conf/nginx.conf.compiled:60
2016/03/30 15:52:01 [alert] 48#0: lua_code_cache is off; this will hurt performance in /opt/openresty/nginx/conf/nginx.conf.compiled:60
2016/06/21 04:55:26 [alert] 42#0: lua_code_cache is off; this will hurt performance in /opt/openresty/nginx/conf/nginx.conf.compiled:60
2016/06/27 05:08:03 [alert] 42#0: lua_code_cache is off; this will hurt performance in /opt/openresty/nginx/conf/nginx.conf.compiled:60
2016/06/27 05:08:51 [alert] 42#0: lua_code_cache is off; this will hurt performance in /opt/openresty/nginx/conf/nginx.conf.compiled:60
2016/06/27 05:09:51 [alert] 43#0: lua_code_cache is off; this will hurt performance in /opt/openresty/nginx/conf/nginx.conf.compiled:60
2016/06/27 05:16:56 [alert] 42#0: lua_code_cache is off; this will hurt performance in /opt/openresty/nginx/conf/nginx.conf.compiled:60
2016/06/27 05:26:30 [alert] 43#0: lua_code_cache is off; this will hurt performance in /opt/openresty/nginx/conf/nginx.conf.compiled:60
2016/06/27 05:31:37 [alert] 43#0: lua_code_cache is off; this will hurt performance in /opt/openresty/nginx/conf/nginx.conf.compiled:60
2016/06/27 05:34:30 [alert] 42#0: lua_code_cache is off; this will hurt performance in /opt/openresty/nginx/conf/nginx.conf.compiled:60
2016/06/27 05:39:59 [alert] 42#0: lua_code_cache is off; this will hurt performance in /opt/openresty/nginx/conf/nginx.conf.compiled:60
2016/06/27 05:44:20 [alert] 21#0: lua_code_cache is off; this will hurt performance in /opt/openresty/nginx/conf/nginx.conf.compiled:60
2016/06/27 05:53:14 [emerg] 22#0: host not found in resolver "ipv6=off" in /opt/openresty/nginx/conf/nginx.conf.compiled:14
2016/06/27 05:59:15 [emerg] 21#0: host not found in resolver "ipv6=off" in /opt/openresty/nginx/conf/nginx.conf.compiled:14
2016/06/27 06:00:38 [emerg] 22#0: host not found in resolver "ipv6=off" in /opt/openresty/nginx/conf/nginx.conf.compiled:14
2016/06/27 06:04:25 [emerg] 22#0: host not found in resolver "ipv6=off" in /opt/openresty/nginx/conf/nginx.conf.compiled:14
2016/06/27 06:05:34 [alert] 22#0: lua_code_cache is off; this will hurt performance in /opt/openresty/nginx/conf/nginx.conf.compiled:60
2016/06/27 06:08:41 [emerg] 22#0: host not found in resolver "ipv6=off" in /opt/openresty/nginx/conf/nginx.conf.compiled:14
2016/06/27 06:10:26 [emerg] 22#0: host not found in resolver "ipv6" in /opt/openresty/nginx/conf/nginx.conf.compiled:14
2016/06/27 06:39:45 [alert] 22#0: lua_code_cache is off; this will hurt performance in /opt/openresty/nginx/conf/nginx.conf.compiled:58
2016/06/27 13:29:22 [alert] 22#0: lua_code_cache is off; this will hurt performance in /opt/openresty/nginx/conf/nginx.conf.compiled:58
2016/06/27 13:31:48 [alert] 22#0: lua_code_cache is off; this will hurt performance in /opt/openresty/nginx/conf/nginx.conf.compiled:58
2016/06/27 21:13:50 [alert] 22#0: lua_code_cache is off; this will hurt performance in /opt/openresty/nginx/conf/nginx.conf.compiled:58
2016/06/27 22:39:33 [alert] 21#0: lua_code_cache is off; this will hurt performance in /opt/openresty/nginx/conf/nginx.conf.compiled:58
2016/06/27 23:07:36 [alert] 23#0: lua_code_cache is off; this will hurt performance in /opt/openresty/nginx/conf/nginx.conf.compiled:58
2016/06/27 23:08:19 [alert] 22#0: lua_code_cache is off; this will hurt performance in /opt/openresty/nginx/conf/nginx.conf.compiled:58
2016/06/28 00:20:17 [alert] 21#0: lua_code_cache is off; this will hurt performance in /opt/openresty/nginx/conf/nginx.conf.compiled:58
2016/06/28 00:20:58 [alert] 21#0: lua_code_cache is off; this will hurt performance in /opt/openresty/nginx/conf/nginx.conf.compiled:58
2016/06/28 00:31:29 [alert] 22#0: lua_code_cache is off; this will hurt performance in /opt/openresty/nginx/conf/nginx.conf.compiled:58
2016/06/28 00:43:15 [alert] 21#0: lua_code_cache is off; this will hurt performance in /opt/openresty/nginx/conf/nginx.conf.compiled:58
2016/06/28 01:52:02 [alert] 22#0: lua_code_cache is off; this will hurt performance in /opt/openresty/nginx/conf/nginx.conf.compiled:58
2016/06/28 02:01:49 [alert] 22#0: lua_code_cache is off; this will hurt performance in /opt/openresty/nginx/conf/nginx.conf.compiled:58
2016/06/28 03:28:44 [alert] 22#0: lua_code_cache is off; this will hurt performance in /opt/openresty/nginx/conf/nginx.conf.compiled:58
2016/06/28 03:31:31 [alert] 21#0: lua_code_cache is off; this will hurt performance in /opt/openresty/nginx/conf/nginx.conf.compiled:58
2016/06/28 03:34:21 [alert] 22#0: lua_code_cache is off; this will hurt performance in /opt/openresty/nginx/conf/nginx.conf.compiled:58
2016/06/28 04:11:26 [alert] 22#0: lua_code_cache is off; this will hurt performance in /opt/openresty/nginx/conf/nginx.conf.compiled:58
2016/06/28 04:31:46 [alert] 21#0: lua_code_cache is off; this will hurt performance in /opt/openresty/nginx/conf/nginx.conf.compiled:58
2016/06/28 04:33:51 [alert] 22#0: lua_code_cache is off; this will hurt performance in /opt/openresty/nginx/conf/nginx.conf.compiled:58
2016/06/28 04:45:16 [alert] 22#0: lua_code_cache is off; this will hurt performance in /opt/openresty/nginx/conf/nginx.conf.compiled:58
2016/06/28 13:01:29 [alert] 21#0: lua_code_cache is off; this will hurt performance in /opt/openresty/nginx/conf/nginx.conf.compiled:58
2016/06/28 20:40:50 [alert] 22#0: lua_code_cache is off; this will hurt performance in /opt/openresty/nginx/conf/nginx.conf.compiled:58
2016/06/28 20:42:33 [alert] 21#0: lua_code_cache is off; this will hurt performance in /opt/openresty/nginx/conf/nginx.conf.compiled:58
2016/06/28 20:55:45 [alert] 21#0: lua_code_cache is off; this will hurt performance in /opt/openresty/nginx/conf/nginx.conf.compiled:58
2016/06/28 23:10:54 [alert] 24#0: lua_code_cache is off; this will hurt performance in /opt/openresty/nginx/conf/nginx.conf.compiled:58
2016/06/28 23:13:03 [alert] 21#0: lua_code_cache is off; this will hurt performance in /opt/openresty/nginx/conf/nginx.conf.compiled:58
2016/06/28 23:13:51 [alert] 21#0: lua_code_cache is off; this will hurt performance in /opt/openresty/nginx/conf/nginx.conf.compiled:58
2016/06/28 23:14:35 [alert] 21#0: lua_code_cache is off; this will hurt performance in /opt/openresty/nginx/conf/nginx.conf.compiled:58
2016/06/28 23:18:41 [alert] 22#0: lua_code_cache is off; this will hurt performance in /opt/openresty/nginx/conf/nginx.conf.compiled:58
2016/06/29 01:06:35 [alert] 22#0: lua_code_cache is off; this will hurt performance in /opt/openresty/nginx/conf/nginx.conf.compiled:58
2016/06/29 01:25:15 [alert] 22#0: lua_code_cache is off; this will hurt performance in /opt/openresty/nginx/conf/nginx.conf.compiled:58
2016/06/29 02:12:55 [alert] 21#0: lua_code_cache is off; this will hurt performance in /opt/openresty/nginx/conf/nginx.conf.compiled:58
2016/06/29 02:13:52 [alert] 21#0: lua_code_cache is off; this will hurt performance in /opt/openresty/nginx/conf/nginx.conf.compiled:58
2016/06/29 02:14:06 [alert] 21#0: lua_code_cache is off; this will hurt performance in /opt/openresty/nginx/conf/nginx.conf.compiled:58
2016/06/29 02:14:27 [alert] 21#0: lua_code_cache is off; this will hurt performance in /opt/openresty/nginx/conf/nginx.conf.compiled:58
2016/06/29 02:15:19 [alert] 21#0: lua_code_cache is off; this will hurt performance in /opt/openresty/nginx/conf/nginx.conf.compiled:58
2016/06/29 02:16:59 [alert] 24#0: lua_code_cache is off; this will hurt performance in /opt/openresty/nginx/conf/nginx.conf.compiled:58
2016/06/29 02:18:38 [alert] 22#0: lua_code_cache is off; this will hurt performance in /opt/openresty/nginx/conf/nginx.conf.compiled:58
2016/06/29 02:19:10 [alert] 24#0: lua_code_cache is off; this will hurt performance in /opt/openresty/nginx/conf/nginx.conf.compiled:58
2016/06/29 02:23:02 [alert] 21#0: lua_code_cache is off; this will hurt performance in /opt/openresty/nginx/conf/nginx.conf.compiled:58
2016/06/29 02:23:53 [alert] 22#0: lua_code_cache is off; this will hurt performance in /opt/openresty/nginx/conf/nginx.conf.compiled:58
2016/06/29 02:25:37 [alert] 22#0: lua_code_cache is off; this will hurt performance in /opt/openresty/nginx/conf/nginx.conf.compiled:58
2016/06/29 02:33:00 [alert] 22#0: lua_code_cache is off; this will hurt performance in /opt/openresty/nginx/conf/nginx.conf.compiled:58
2016/06/29 02:44:04 [alert] 22#0: lua_code_cache is off; this will hurt performance in /opt/openresty/nginx/conf/nginx.conf.compiled:58
2016/06/29 02:45:08 [alert] 21#0: lua_code_cache is off; this will hurt performance in /opt/openresty/nginx/conf/nginx.conf.compiled:58
2016/06/29 02:46:02 [alert] 21#0: lua_code_cache is off; this will hurt performance in /opt/openresty/nginx/conf/nginx.conf.compiled:58
2016/06/29 02:50:05 [alert] 22#0: lua_code_cache is off; this will hurt performance in /opt/openresty/nginx/conf/nginx.conf.compiled:58
2016/06/29 02:52:13 [alert] 22#0: lua_code_cache is off; this will hurt performance in /opt/openresty/nginx/conf/nginx.conf.compiled:58
2016/06/29 02:58:56 [alert] 21#0: lua_code_cache is off; this will hurt performance in /opt/openresty/nginx/conf/nginx.conf.compiled:58
2016/06/29 02:59:25 [alert] 21#0: lua_code_cache is off; this will hurt performance in /opt/openresty/nginx/conf/nginx.conf.compiled:58
2016/06/29 03:02:07 [alert] 22#0: lua_code_cache is off; this will hurt performance in /opt/openresty/nginx/conf/nginx.conf.compiled:58
2016/06/29 03:02:34 [alert] 21#0: lua_code_cache is off; this will hurt performance in /opt/openresty/nginx/conf/nginx.conf.compiled:58
2016/06/29 03:03:29 [alert] 21#0: lua_code_cache is off; this will hurt performance in /opt/openresty/nginx/conf/nginx.conf.compiled:58
2016/06/29 05:15:22 [alert] 21#0: lua_code_cache is off; this will hurt performance in /opt/openresty/nginx/conf/nginx.conf.compiled:58
2016/06/29 05:37:06 [alert] 21#0: lua_code_cache is off; this will hurt performance in /opt/openresty/nginx/conf/nginx.conf.compiled:58
2016/06/30 01:52:55 [alert] 21#0: lua_code_cache is off; this will hurt performance in /opt/openresty/nginx/conf/nginx.conf.compiled:58
2016/06/30 01:53:23 [alert] 22#0: lua_code_cache is off; this will hurt performance in /opt/openresty/nginx/conf/nginx.conf.compiled:58
2016/06/30 01:54:01 [alert] 22#0: lua_code_cache is off; this will hurt performance in /opt/openresty/nginx/conf/nginx.conf.compiled:58
2016/06/30 01:55:05 [alert] 22#0: lua_code_cache is off; this will hurt performance in /opt/openresty/nginx/conf/nginx.conf.compiled:58
2016/06/30 19:33:27 [alert] 22#0: lua_code_cache is off; this will hurt performance in /opt/openresty/nginx/conf/nginx.conf.compiled:58
2016/06/30 19:48:57 [alert] 22#0: lua_code_cache is off; this will hurt performance in /opt/openresty/nginx/conf/nginx.conf.compiled:58
2016/06/30 20:00:31 [alert] 21#0: lua_code_cache is off; this will hurt performance in /opt/openresty/nginx/conf/nginx.conf.compiled:58
2016/06/30 20:02:43 [alert] 21#0: lua_code_cache is off; this will hurt performance in /opt/openresty/nginx/conf/nginx.conf.compiled:58
2016/06/30 20:04:50 [alert] 22#0: lua_code_cache is off; this will hurt performance in /opt/openresty/nginx/conf/nginx.conf.compiled:58
2016/06/30 20:06:40 [alert] 21#0: lua_code_cache is off; this will hurt performance in /opt/openresty/nginx/conf/nginx.conf.compiled:58
2016/06/30 20:08:00 [alert] 21#0: lua_code_cache is off; this will hurt performance in /opt/openresty/nginx/conf/nginx.conf.compiled:58
2016/06/30 20:08:48 [alert] 21#0: lua_code_cache is off; this will hurt performance in /opt/openresty/nginx/conf/nginx.conf.compiled:58
2016/06/30 20:10:24 [alert] 22#0: lua_code_cache is off; this will hurt performance in /opt/openresty/nginx/conf/nginx.conf.compiled:58
2016/06/30 20:11:42 [alert] 23#0: lua_code_cache is off; this will hurt performance in /opt/openresty/nginx/conf/nginx.conf.compiled:58
2016/06/30 20:12:37 [alert] 21#0: lua_code_cache is off; this will hurt performance in /opt/openresty/nginx/conf/nginx.conf.compiled:58
2016/06/30 20:15:21 [alert] 23#0: lua_code_cache is off; this will hurt performance in /opt/openresty/nginx/conf/nginx.conf.compiled:58
2016/06/30 20:16:25 [alert] 22#0: lua_code_cache is off; this will hurt performance in /opt/openresty/nginx/conf/nginx.conf.compiled:58
2016/06/30 20:17:19 [alert] 22#0: lua_code_cache is off; this will hurt performance in /opt/openresty/nginx/conf/nginx.conf.compiled:58
2016/06/30 20:18:15 [alert] 21#0: lua_code_cache is off; this will hurt performance in /opt/openresty/nginx/conf/nginx.conf.compiled:58
2016/06/30 20:25:23 [alert] 21#0: lua_code_cache is off; this will hurt performance in /opt/openresty/nginx/conf/nginx.conf.compiled:58
2016/06/30 20:35:33 [alert] 22#0: lua_code_cache is off; this will hurt performance in /opt/openresty/nginx/conf/nginx.conf.compiled:58
2016/06/30 20:36:41 [alert] 22#0: lua_code_cache is off; this will hurt performance in /opt/openresty/nginx/conf/nginx.conf.compiled:58
2016/06/30 20:41:18 [alert] 21#0: lua_code_cache is off; this will hurt performance in /opt/openresty/nginx/conf/nginx.conf.compiled:58
2016/06/30 20:43:12 [alert] 21#0: lua_code_cache is off; this will hurt performance in /opt/openresty/nginx/conf/nginx.conf.compiled:58
2016/06/30 23:57:44 [alert] 22#0: lua_code_cache is off; this will hurt performance in /opt/openresty/nginx/conf/nginx.conf.compiled:58
2016/07/01 00:24:53 [alert] 22#0: lua_code_cache is off; this will hurt performance in /opt/openresty/nginx/conf/nginx.conf.compiled:58
2016/07/01 00:25:46 [alert] 21#0: lua_code_cache is off; this will hurt performance in /opt/openresty/nginx/conf/nginx.conf.compiled:58
2016/07/01 01:08:43 [alert] 22#0: lua_code_cache is off; this will hurt performance in /opt/openresty/nginx/conf/nginx.conf.compiled:58
2016/07/01 01:09:12 [alert] 21#0: lua_code_cache is off; this will hurt performance in /opt/openresty/nginx/conf/nginx.conf.compiled:58
2016/07/01 01:13:13 [alert] 24#0: lua_code_cache is off; this will hurt performance in /opt/openresty/nginx/conf/nginx.conf.compiled:58
2016/07/01 01:13:13 [emerg] 24#0: host not found in upstream "imghost" in /opt/openresty/nginx/conf/nginx.conf.compiled:77
2016/07/01 01:14:57 [alert] 22#0: lua_code_cache is off; this will hurt performance in /opt/openresty/nginx/conf/nginx.conf.compiled:58
2016/07/01 04:45:45 [alert] 21#0: lua_code_cache is off; this will hurt performance in /opt/openresty/nginx/conf/nginx.conf.compiled:58
2016/07/01 04:58:18 [alert] 22#0: lua_code_cache is off; this will hurt performance in /opt/openresty/nginx/conf/nginx.conf.compiled:58
2016/07/01 05:17:18 [alert] 22#0: lua_code_cache is off; this will hurt performance in /opt/openresty/nginx/conf/nginx.conf.compiled:58
2016/07/01 05:20:48 [alert] 25#0: lua_code_cache is off; this will hurt performance in /opt/openresty/nginx/conf/nginx.conf.compiled:58
2016/07/01 14:49:30 [alert] 22#0: lua_code_cache is off; this will hurt performance in /opt/openresty/nginx/conf/nginx.conf.compiled:58
2016/07/01 16:10:26 [alert] 22#0: lua_code_cache is off; this will hurt performance in /opt/openresty/nginx/conf/nginx.conf.compiled:58
2016/07/01 17:08:04 [alert] 21#0: lua_code_cache is off; this will hurt performance in /opt/openresty/nginx/conf/nginx.conf.compiled:58
2016/07/01 20:28:33 [alert] 21#0: lua_code_cache is off; this will hurt performance in /opt/openresty/nginx/conf/nginx.conf.compiled:58
2016/07/01 20:38:51 [alert] 23#0: lua_code_cache is off; this will hurt performance in /opt/openresty/nginx/conf/nginx.conf.compiled:58
2016/07/01 20:51:13 [alert] 22#0: lua_code_cache is off; this will hurt performance in /opt/openresty/nginx/conf/nginx.conf.compiled:58
2016/07/03 03:07:47 [alert] 21#0: lua_code_cache is off; this will hurt performance in /opt/openresty/nginx/conf/nginx.conf.compiled:58
2016/07/04 14:47:53 [alert] 22#0: lua_code_cache is off; this will hurt performance in /opt/openresty/nginx/conf/nginx.conf.compiled:58
2016/07/04 14:49:09 [alert] 23#0: lua_code_cache is off; this will hurt performance in /opt/openresty/nginx/conf/nginx.conf.compiled:58
2016/07/06 04:25:59 [alert] 22#0: lua_code_cache is off; this will hurt performance in /opt/openresty/nginx/conf/nginx.conf.compiled:58
2016/07/07 14:15:34 [alert] 22#0: lua_code_cache is off; this will hurt performance in /opt/openresty/nginx/conf/nginx.conf.compiled:58
2016/07/07 14:16:06 [alert] 21#0: lua_code_cache is off; this will hurt performance in /opt/openresty/nginx/conf/nginx.conf.compiled:58
2016/07/07 16:05:11 [alert] 23#0: lua_code_cache is off; this will hurt performance in /opt/openresty/nginx/conf/nginx.conf.compiled:58
2016/07/07 16:06:30 [alert] 21#0: lua_code_cache is off; this will hurt performance in /opt/openresty/nginx/conf/nginx.conf.compiled:58
2016/07/07 16:07:04 [alert] 22#0: lua_code_cache is off; this will hurt performance in /opt/openresty/nginx/conf/nginx.conf.compiled:58
2016/07/07 16:16:07 [alert] 22#0: lua_code_cache is off; this will hurt performance in /opt/openresty/nginx/conf/nginx.conf.compiled:58
2016/07/07 16:16:50 [alert] 21#0: lua_code_cache is off; this will hurt performance in /opt/openresty/nginx/conf/nginx.conf.compiled:58
2016/07/07 16:23:40 [alert] 21#0: lua_code_cache is off; this will hurt performance in /opt/openresty/nginx/conf/nginx.conf.compiled:58
2016/07/07 16:25:06 [alert] 22#0: lua_code_cache is off; this will hurt performance in /opt/openresty/nginx/conf/nginx.conf.compiled:58
2016/07/07 16:26:15 [alert] 21#0: lua_code_cache is off; this will hurt performance in /opt/openresty/nginx/conf/nginx.conf.compiled:58
2016/07/07 16:30:23 [alert] 22#0: lua_code_cache is off; this will hurt performance in /opt/openresty/nginx/conf/nginx.conf.compiled:58
2016/07/07 16:33:23 [alert] 22#0: lua_code_cache is off; this will hurt performance in /opt/openresty/nginx/conf/nginx.conf.compiled:58
2016/07/07 16:45:23 [alert] 22#0: lua_code_cache is off; this will hurt performance in /opt/openresty/nginx/conf/nginx.conf.compiled:58
2016/07/07 16:45:23 [emerg] 22#0: host not found in upstream "imghost" in /opt/openresty/nginx/conf/nginx.conf.compiled:77
2016/07/07 16:47:23 [alert] 22#0: lua_code_cache is off; this will hurt performance in /opt/openresty/nginx/conf/nginx.conf.compiled:58
2016/07/07 16:48:20 [alert] 21#0: lua_code_cache is off; this will hurt performance in /opt/openresty/nginx/conf/nginx.conf.compiled:58
2016/07/07 17:32:34 [alert] 21#0: lua_code_cache is off; this will hurt performance in /opt/openresty/nginx/conf/nginx.conf.compiled:58
2016/07/07 19:03:50 [alert] 22#0: lua_code_cache is off; this will hurt performance in /opt/openresty/nginx/conf/nginx.conf.compiled:58
2016/07/07 19:04:54 [alert] 22#0: lua_code_cache is off; this will hurt performance in /opt/openresty/nginx/conf/nginx.conf.compiled:58
2016/07/07 19:07:49 [alert] 21#0: lua_code_cache is off; this will hurt performance in /opt/openresty/nginx/conf/nginx.conf.compiled:58
2016/07/07 21:48:25 [alert] 22#0: lua_code_cache is off; this will hurt performance in /opt/openresty/nginx/conf/nginx.conf.compiled:58
2016/07/07 22:05:44 [alert] 21#0: lua_code_cache is off; this will hurt performance in /opt/openresty/nginx/conf/nginx.conf.compiled:58
2016/07/07 22:10:33 [alert] 24#0: lua_code_cache is off; this will hurt performance in /opt/openresty/nginx/conf/nginx.conf.compiled:58
2016/07/07 22:16:47 [alert] 21#0: lua_code_cache is off; this will hurt performance in /opt/openresty/nginx/conf/nginx.conf.compiled:58
2016/07/07 22:21:19 [alert] 21#0: lua_code_cache is off; this will hurt performance in /opt/openresty/nginx/conf/nginx.conf.compiled:58
2016/07/07 22:35:36 [alert] 22#0: lua_code_cache is off; this will hurt performance in /opt/openresty/nginx/conf/nginx.conf.compiled:58
2016/07/07 22:39:02 [alert] 22#0: lua_code_cache is off; this will hurt performance in /opt/openresty/nginx/conf/nginx.conf.compiled:58
2016/07/07 22:48:28 [alert] 21#0: lua_code_cache is off; this will hurt performance in /opt/openresty/nginx/conf/nginx.conf.compiled:58
2016/07/07 22:49:45 [alert] 22#0: lua_code_cache is off; this will hurt performance in /opt/openresty/nginx/conf/nginx.conf.compiled:58
2016/07/08 05:13:17 [alert] 22#0: lua_code_cache is off; this will hurt performance in /opt/openresty/nginx/conf/nginx.conf.compiled:58
2016/07/08 18:38:41 [alert] 22#0: lua_code_cache is off; this will hurt performance in /opt/openresty/nginx/conf/nginx.conf.compiled:58
2016/07/08 18:39:19 [alert] 21#0: lua_code_cache is off; this will hurt performance in /opt/openresty/nginx/conf/nginx.conf.compiled:58
2016/07/08 18:40:26 [alert] 22#0: lua_code_cache is off; this will hurt performance in /opt/openresty/nginx/conf/nginx.conf.compiled:58
2016/07/08 18:44:32 [alert] 21#0: lua_code_cache is off; this will hurt performance in /opt/openresty/nginx/conf/nginx.conf.compiled:58
2016/07/08 18:47:08 [alert] 22#0: lua_code_cache is off; this will hurt performance in /opt/openresty/nginx/conf/nginx.conf.compiled:58
2016/07/08 18:47:42 [alert] 22#0: lua_code_cache is off; this will hurt performance in /opt/openresty/nginx/conf/nginx.conf.compiled:58
2016/07/08 18:49:04 [alert] 23#0: lua_code_cache is off; this will hurt performance in /opt/openresty/nginx/conf/nginx.conf.compiled:58
2016/07/08 18:50:12 [alert] 22#0: lua_code_cache is off; this will hurt performance in /opt/openresty/nginx/conf/nginx.conf.compiled:58
2016/07/08 18:52:24 [alert] 21#0: lua_code_cache is off; this will hurt performance in /opt/openresty/nginx/conf/nginx.conf.compiled:58
2016/07/08 18:53:27 [alert] 22#0: lua_code_cache is off; this will hurt performance in /opt/openresty/nginx/conf/nginx.conf.compiled:58
2016/07/08 18:54:20 [alert] 21#0: lua_code_cache is off; this will hurt performance in /opt/openresty/nginx/conf/nginx.conf.compiled:58
2016/07/08 18:56:24 [alert] 21#0: lua_code_cache is off; this will hurt performance in /opt/openresty/nginx/conf/nginx.conf.compiled:58
2016/07/08 18:57:17 [alert] 21#0: lua_code_cache is off; this will hurt performance in /opt/openresty/nginx/conf/nginx.conf.compiled:58
2016/07/08 18:58:03 [alert] 22#0: lua_code_cache is off; this will hurt performance in /opt/openresty/nginx/conf/nginx.conf.compiled:58
2016/07/08 18:58:35 [alert] 22#0: lua_code_cache is off; this will hurt performance in /opt/openresty/nginx/conf/nginx.conf.compiled:58
2016/07/08 19:07:55 [alert] 22#0: lua_code_cache is off; this will hurt performance in /opt/openresty/nginx/conf/nginx.conf.compiled:58
2016/07/08 19:12:19 [alert] 22#0: lua_code_cache is off; this will hurt performance in /opt/openresty/nginx/conf/nginx.conf.compiled:58
2016/07/08 19:15:00 [alert] 21#0: lua_code_cache is off; this will hurt performance in /opt/openresty/nginx/conf/nginx.conf.compiled:58
2016/07/09 06:34:22 [alert] 23#0: lua_code_cache is off; this will hurt performance in /opt/openresty/nginx/conf/nginx.conf.compiled:58
2016/07/10 04:48:01 [alert] 21#0: lua_code_cache is off; this will hurt performance in /opt/openresty/nginx/conf/nginx.conf.compiled:58
2016/07/10 05:47:39 [alert] 21#0: lua_code_cache is off; this will hurt performance in /opt/openresty/nginx/conf/nginx.conf.compiled:58
2016/07/17 03:36:24 [alert] 21#0: lua_code_cache is off; this will hurt performance in /opt/openresty/nginx/conf/nginx.conf.compiled:58
2016/07/17 04:18:17 [alert] 21#0: lua_code_cache is off; this will hurt performance in /opt/openresty/nginx/conf/nginx.conf.compiled:58
2016/07/17 07:54:04 [alert] 22#0: lua_code_cache is off; this will hurt performance in /opt/openresty/nginx/conf/nginx.conf.compiled:58
2016/09/29 22:04:52 [alert] 21#0: lua_code_cache is off; this will hurt performance in /opt/openresty/nginx/conf/nginx.conf.compiled:58
2016/09/29 22:09:54 [alert] 22#0: lua_code_cache is off; this will hurt performance in /opt/openresty/nginx/conf/nginx.conf.compiled:58
2016/09/30 09:51:07 [alert] 22#0: lua_code_cache is off; this will hurt performance in /opt/openresty/nginx/conf/nginx.conf.compiled:58
2016/09/30 09:56:41 [alert] 22#0: lua_code_cache is off; this will hurt performance in /opt/openresty/nginx/conf/nginx.conf.compiled:58
2016/09/30 10:53:43 [alert] 22#0: lua_code_cache is off; this will hurt performance in /opt/openresty/nginx/conf/nginx.conf.compiled:58
2016/09/30 10:54:09 [alert] 22#0: lua_code_cache is off; this will hurt performance in /opt/openresty/nginx/conf/nginx.conf.compiled:58
2016/09/30 10:54:40 [alert] 23#0: lua_code_cache is off; this will hurt performance in /opt/openresty/nginx/conf/nginx.conf.compiled:58
2016/09/30 10:55:22 [alert] 22#0: lua_code_cache is off; this will hurt performance in /opt/openresty/nginx/conf/nginx.conf.compiled:58
2016/09/30 10:55:42 [alert] 22#0: lua_code_cache is off; this will hurt performance in /opt/openresty/nginx/conf/nginx.conf.compiled:58
2016/09/30 10:56:30 [alert] 22#0: lua_code_cache is off; this will hurt performance in /opt/openresty/nginx/conf/nginx.conf.compiled:58
2016/09/30 10:57:13 [alert] 22#0: lua_code_cache is off; this will hurt performance in /opt/openresty/nginx/conf/nginx.conf.compiled:58
2016/09/30 10:57:29 [alert] 22#0: lua_code_cache is off; this will hurt performance in /opt/openresty/nginx/conf/nginx.conf.compiled:58
2016/09/30 10:57:55 [alert] 22#0: lua_code_cache is off; this will hurt performance in /opt/openresty/nginx/conf/nginx.conf.compiled:58
2016/09/30 10:58:26 [alert] 21#0: lua_code_cache is off; this will hurt performance in /opt/openresty/nginx/conf/nginx.conf.compiled:58
2016/09/30 12:50:33 [alert] 21#0: lua_code_cache is off; this will hurt performance in /opt/openresty/nginx/conf/nginx.conf.compiled:58
2016/09/30 12:51:28 [alert] 22#0: lua_code_cache is off; this will hurt performance in /opt/openresty/nginx/conf/nginx.conf.compiled:58
2016/09/30 12:55:32 [alert] 21#0: lua_code_cache is off; this will hurt performance in /opt/openresty/nginx/conf/nginx.conf.compiled:58
2016/09/30 13:08:34 [alert] 21#0: lua_code_cache is off; this will hurt performance in /opt/openresty/nginx/conf/nginx.conf.compiled:58
2016/09/30 13:30:54 [alert] 22#0: lua_code_cache is off; this will hurt performance in /opt/openresty/nginx/conf/nginx.conf.compiled:58
2016/09/30 13:38:57 [alert] 22#0: lua_code_cache is off; this will hurt performance in /opt/openresty/nginx/conf/nginx.conf.compiled:58
2016/09/30 13:39:15 [alert] 22#0: lua_code_cache is off; this will hurt performance in /opt/openresty/nginx/conf/nginx.conf.compiled:58
2016/09/30 13:40:28 [alert] 22#0: lua_code_cache is off; this will hurt performance in /opt/openresty/nginx/conf/nginx.conf.compiled:58
2016/09/30 13:42:19 [alert] 22#0: lua_code_cache is off; this will hurt performance in /opt/openresty/nginx/conf/nginx.conf.compiled:58
2016/09/30 13:43:01 [alert] 22#0: lua_code_cache is off; this will hurt performance in /opt/openresty/nginx/conf/nginx.conf.compiled:58
2016/09/30 13:53:36 [alert] 22#0: lua_code_cache is off; this will hurt performance in /opt/openresty/nginx/conf/nginx.conf.compiled:58
2016/09/30 13:58:48 [alert] 22#0: lua_code_cache is off; this will hurt performance in /opt/openresty/nginx/conf/nginx.conf.compiled:58
2016/09/30 14:00:02 [alert] 22#0: lua_code_cache is off; this will hurt performance in /opt/openresty/nginx/conf/nginx.conf.compiled:58
2016/09/30 14:11:07 [alert] 22#0: lua_code_cache is off; this will hurt performance in /opt/openresty/nginx/conf/nginx.conf.compiled:58
2016/09/30 14:13:20 [alert] 21#0: lua_code_cache is off; this will hurt performance in /opt/openresty/nginx/conf/nginx.conf.compiled:58
2016/09/30 14:17:33 [alert] 22#0: lua_code_cache is off; this will hurt performance in /opt/openresty/nginx/conf/nginx.conf.compiled:58
2016/09/30 14:19:37 [alert] 22#0: lua_code_cache is off; this will hurt performance in /opt/openresty/nginx/conf/nginx.conf.compiled:58
2016/09/30 14:20:30 [alert] 22#0: lua_code_cache is off; this will hurt performance in /opt/openresty/nginx/conf/nginx.conf.compiled:58
2016/09/30 14:21:50 [alert] 21#0: lua_code_cache is off; this will hurt performance in /opt/openresty/nginx/conf/nginx.conf.compiled:58
2016/09/30 14:35:42 [alert] 22#0: lua_code_cache is off; this will hurt performance in /opt/openresty/nginx/conf/nginx.conf.compiled:58
2016/09/30 14:37:56 [alert] 22#0: lua_code_cache is off; this will hurt performance in /opt/openresty/nginx/conf/nginx.conf.compiled:58
2016/09/30 14:38:19 [alert] 22#0: lua_code_cache is off; this will hurt performance in /opt/openresty/nginx/conf/nginx.conf.compiled:58
2016/09/30 14:38:47 [alert] 22#0: lua_code_cache is off; this will hurt performance in /opt/openresty/nginx/conf/nginx.conf.compiled:58
2016/09/30 14:40:16 [alert] 22#0: lua_code_cache is off; this will hurt performance in /opt/openresty/nginx/conf/nginx.conf.compiled:58
2016/09/30 14:44:56 [alert] 21#0: lua_code_cache is off; this will hurt performance in /opt/openresty/nginx/conf/nginx.conf.compiled:58
2016/09/30 14:47:59 [alert] 22#0: lua_code_cache is off; this will hurt performance in /opt/openresty/nginx/conf/nginx.conf.compiled:58
2016/09/30 14:48:33 [alert] 22#0: lua_code_cache is off; this will hurt performance in /opt/openresty/nginx/conf/nginx.conf.compiled:58
2016/09/30 14:53:36 [alert] 22#0: lua_code_cache is off; this will hurt performance in /opt/openresty/nginx/conf/nginx.conf.compiled:58
2016/09/30 14:58:33 [alert] 22#0: lua_code_cache is off; this will hurt performance in /opt/openresty/nginx/conf/nginx.conf.compiled:58
2016/09/30 14:59:08 [alert] 21#0: lua_code_cache is off; this will hurt performance in /opt/openresty/nginx/conf/nginx.conf.compiled:58
2016/09/30 14:59:28 [alert] 21#0: lua_code_cache is off; this will hurt performance in /opt/openresty/nginx/conf/nginx.conf.compiled:58
2016/09/30 15:00:13 [alert] 22#0: lua_code_cache is off; this will hurt performance in /opt/openresty/nginx/conf/nginx.conf.compiled:58
2016/09/30 15:01:10 [alert] 22#0: lua_code_cache is off; this will hurt performance in /opt/openresty/nginx/conf/nginx.conf.compiled:58
2016/09/30 15:01:44 [alert] 21#0: lua_code_cache is off; this will hurt performance in /opt/openresty/nginx/conf/nginx.conf.compiled:58
2016/09/30 22:05:27 [alert] 21#0: lua_code_cache is off; this will hurt performance in /opt/openresty/nginx/conf/nginx.conf.compiled:58
2016/09/30 22:50:25 [alert] 21#0: lua_code_cache is off; this will hurt performance in /opt/openresty/nginx/conf/nginx.conf.compiled:58
2016/10/02 16:11:22 [alert] 21#0: lua_code_cache is off; this will hurt performance in /opt/openresty/nginx/conf/nginx.conf.compiled:58
2016/10/02 18:51:23 [alert] 22#0: lua_code_cache is off; this will hurt performance in /opt/openresty/nginx/conf/nginx.conf.compiled:58
2016/10/02 19:07:11 [alert] 21#0: lua_code_cache is off; this will hurt performance in /opt/openresty/nginx/conf/nginx.conf.compiled:58
2016/10/02 19:29:19 [alert] 22#0: lua_code_cache is off; this will hurt performance in /opt/openresty/nginx/conf/nginx.conf.compiled:58
2016/10/02 19:32:11 [alert] 22#0: lua_code_cache is off; this will hurt performance in /opt/openresty/nginx/conf/nginx.conf.compiled:58
2016/10/02 19:45:47 [alert] 22#0: lua_code_cache is off; this will hurt performance in /opt/openresty/nginx/conf/nginx.conf.compiled:58
2016/10/02 19:54:56 [alert] 22#0: lua_code_cache is off; this will hurt performance in /opt/openresty/nginx/conf/nginx.conf.compiled:58
2016/10/02 20:05:49 [alert] 21#0: lua_code_cache is off; this will hurt performance in /opt/openresty/nginx/conf/nginx.conf.compiled:58
2016/10/02 20:22:13 [alert] 21#0: lua_code_cache is off; this will hurt performance in /opt/openresty/nginx/conf/nginx.conf.compiled:58
2016/10/02 20:22:45 [alert] 21#0: lua_code_cache is off; this will hurt performance in /opt/openresty/nginx/conf/nginx.conf.compiled:58
2016/10/02 20:32:55 [alert] 21#0: lua_code_cache is off; this will hurt performance in /opt/openresty/nginx/conf/nginx.conf.compiled:58
2016/10/02 20:38:01 [alert] 22#0: lua_code_cache is off; this will hurt performance in /opt/openresty/nginx/conf/nginx.conf.compiled:58
2016/10/02 21:05:32 [alert] 22#0: lua_code_cache is off; this will hurt performance in /opt/openresty/nginx/conf/nginx.conf.compiled:58
2016/10/02 23:26:42 [alert] 22#0: lua_code_cache is off; this will hurt performance in /opt/openresty/nginx/conf/nginx.conf.compiled:58
2016/10/02 23:48:08 [alert] 23#0: lua_code_cache is off; this will hurt performance in /opt/openresty/nginx/conf/nginx.conf.compiled:58
2016/10/03 21:35:34 [alert] 21#0: lua_code_cache is off; this will hurt performance in /opt/openresty/nginx/conf/nginx.conf.compiled:58
2016/10/03 21:42:24 [alert] 21#0: lua_code_cache is off; this will hurt performance in /opt/openresty/nginx/conf/nginx.conf.compiled:58
2016/10/03 21:43:25 [alert] 21#0: lua_code_cache is off; this will hurt performance in /opt/openresty/nginx/conf/nginx.conf.compiled:58
2016/10/03 21:43:54 [alert] 23#0: lua_code_cache is off; this will hurt performance in /opt/openresty/nginx/conf/nginx.conf.compiled:58
2016/10/03 21:46:21 [alert] 22#0: lua_code_cache is off; this will hurt performance in /opt/openresty/nginx/conf/nginx.conf.compiled:58
2016/10/03 21:49:21 [alert] 21#0: lua_code_cache is off; this will hurt performance in /opt/openresty/nginx/conf/nginx.conf.compiled:58
